dMDAid/build/outputs/logs/manifest-merger-debug-report.txt
-- Merging decision tree log ---
manifest
ADDED from AndroidManifest.xml:2:1
	package
		ADDED from AndroidManifest.xml:4:5
		INJECTED from AndroidManifest.xml:0:0
		INJECTED from AndroidManifest.xml:0:0
	android:versionName
		ADDED from AndroidManifest.xml:6:5
	xmlns:tools
		ADDED from AndroidManifest.xml:3:5
	android:versionCode
		ADDED from AndroidManifest.xml:5:5
		INJECTED from AndroidManifest.xml:0:0
		INJECTED from AndroidManifest.xml:0:0
	xmlns:android
		ADDED from AndroidManifest.xml:2:11
uses-sdk
ADDED from AndroidManifest.xml:8:5
MERGED from com.android.support:appcompat-v7:22.2.0:20:5
MERGED from com.android.support:support-v4:22.2.0:20:5
MERGED from com.google.android.gms:play-services:7.5.0:18:5
MERGED from com.google.android.gms:play-services-ads:7.5.0:23:5
MERGED from com.google.android.gms:play-services-base:7.5.0:18:5
MERGED from com.android.support:support-v4:22.2.0:20:5
MERGED from com.google.android.gms:play-services-analytics:7.5.0:18:5
MERGED from com.google.android.gms:play-services-base:7.5.0:18:5
MERGED from com.android.support:support-v4:22.2.0:20:5
MERGED from com.google.android.gms:play-services-analytics:7.5.0:18:5
MERGED from com.google.android.gms:play-services-base:7.5.0:18:5
MERGED from com.android.support:support-v4:22.2.0:20:5
MERGED from com.google.android.gms:play-services-appindexing:7.5.0:18:5
MERGED from com.google.android.gms:play-services-base:7.5.0:18:5
MERGED from com.android.support:support-v4:22.2.0:20:5
MERGED from com.google.android.gms:play-services-appinvite:7.5.0:18:5
MERGED from com.google.android.gms:play-services-base:7.5.0:18:5
MERGED from com.android.support:support-v4:22.2.0:20:5
MERGED from com.google.android.gms:play-services-appstate:7.5.0:18:5
MERGED from com.google.android.gms:play-services-base:7.5.0:18:5
MERGED from com.android.support:support-v4:22.2.0:20:5
MERGED from com.google.android.gms:play-services-base:7.5.0:18:5
MERGED from com.android.support:support-v4:22.2.0:20:5
MERGED from com.google.android.gms:play-services-cast:7.5.0:18:5
MERGED from com.google.android.gms:play-services-base:7.5.0:18:5
MERGED from com.android.support:support-v4:22.2.0:20:5
MERGED from com.android.support:mediarouter-v7:22.0.0:20:5
MERGED from com.android.support:appcompat-v7:22.2.0:20:5
MERGED from com.android.support:support-v4:22.2.0:20:5
MERGED from com.google.android.gms:play-services-drive:7.5.0:18:5
MERGED from com.google.android.gms:play-services-base:7.5.0:18:5
MERGED from com.android.support:support-v4:22.2.0:20:5
MERGED from com.google.android.gms:play-services-fitness:7.5.0:18:5
MERGED from com.google.android.gms:play-services-base:7.5.0:18:5
MERGED from com.android.support:support-v4:22.2.0:20:5
MERGED from com.google.android.gms:play-services-location:7.5.0:18:5
MERGED from com.google.android.gms:play-services-base:7.5.0:18:5
MERGED from com.android.support:support-v4:22.2.0:20:5
MERGED from com.google.android.gms:play-services-maps:7.5.0:28:5
MERGED from com.google.android.gms:play-services-base:7.5.0:18:5
MERGED from com.android.support:support-v4:22.2.0:20:5
MERGED from com.google.android.gms:play-services-games:7.5.0:18:5
MERGED from com.google.android.gms:play-services-base:7.5.0:18:5
MERGED from com.android.support:support-v4:22.2.0:20:5
MERGED from com.google.android.gms:play-services-drive:7.5.0:18:5
MERGED from com.google.android.gms:play-services-base:7.5.0:18:5
MERGED from com.android.support:support-v4:22.2.0:20:5
MERGED from com.google.android.gms:play-services-gcm:7.5.0:18:5
MERGED from com.google.android.gms:play-services-base:7.5.0:18:5
MERGED from com.android.support:support-v4:22.2.0:20:5
MERGED from com.google.android.gms:play-services-identity:7.5.0:18:5
MERGED from com.google.android.gms:play-services-base:7.5.0:18:5
MERGED from com.android.support:support-v4:22.2.0:20:5
MERGED from com.google.android.gms:play-services-location:7.5.0:18:5
MERGED from com.google.android.gms:play-services-base:7.5.0:18:5
MERGED from com.android.support:support-v4:22.2.0:20:5
MERGED from com.google.android.gms:play-services-maps:7.5.0:28:5
MERGED from com.google.android.gms:play-services-base:7.5.0:18:5
MERGED from com.android.support:support-v4:22.2.0:20:5
MERGED from com.google.android.gms:play-services-maps:7.5.0:28:5
MERGED from com.google.android.gms:play-services-base:7.5.0:18:5
MERGED from com.android.support:support-v4:22.2.0:20:5
MERGED from com.google.android.gms:play-services-nearby:7.5.0:18:5
MERGED from com.google.android.gms:play-services-base:7.5.0:18:5
MERGED from com.android.support:support-v4:22.2.0:20:5
MERGED from com.google.android.gms:play-services-panorama:7.5.0:18:5
MERGED from com.google.android.gms:play-services-base:7.5.0:18:5
MERGED from com.android.support:support-v4:22.2.0:20:5
MERGED from com.google.android.gms:play-services-plus:7.5.0:18:5
MERGED from com.google.android.gms:play-services-base:7.5.0:18:5
MERGED from com.android.support:support-v4:22.2.0:20:5
MERGED from com.google.android.gms:play-services-safetynet:7.5.0:18:5
MERGED from com.google.android.gms:play-services-base:7.5.0:18:5
MERGED from com.android.support:support-v4:22.2.0:20:5
MERGED from com.google.android.gms:play-services-wallet:7.5.0:19:5
MERGED from com.google.android.gms:play-services-base:7.5.0:18:5
MERGED from com.android.support:support-v4:22.2.0:20:5
MERGED from com.google.android.gms:play-services-identity:7.5.0:18:5
MERGED from com.google.android.gms:play-services-base:7.5.0:18:5
MERGED from com.android.support:support-v4:22.2.0:20:5
MERGED from com.google.android.gms:play-services-maps:7.5.0:28:5
MERGED from com.google.android.gms:play-services-base:7.5.0:18:5
MERGED from com.android.support:support-v4:22.2.0:20:5
MERGED from com.google.android.gms:play-services-wearable:7.5.0:18:5
MERGED from com.google.android.gms:play-services-base:7.5.0:18:5
MERGED from com.android.support:support-v4:22.2.0:20:5
MERGED from com.awareframework:aware-core:3.4.7:7:5
MERGED from com.android.support:cardview-v7:22.2.0:20:5
	android:targetSdkVersion
		ADDED from AndroidManifest.xml:10:9
		INJECTED from AndroidManifest.xml:0:0
		INJECTED from AndroidManifest.xml:0:0
	android:minSdkVersion
		ADDED from AndroidManifest.xml:9:9
		INJECTED from AndroidManifest.xml:0:0
		INJECTED from AndroidManifest.xml:0:0
uses-permission#android.permission.READ_CONTACTS
ADDED from AndroidManifest.xml:12:5
	android:name
		ADDED from AndroidManifest.xml:12:22
uses-permission#android.permission.INTERNET
ADDED from AndroidManifest.xml:16:5
MERGED from com.google.android.gms:play-services-ads:7.5.0:20:5
MERGED from com.google.android.gms:play-services-analytics:7.5.0:21:5
MERGED from com.google.android.gms:play-services-analytics:7.5.0:21:5
MERGED from com.google.android.gms:play-services-appinvite:7.5.0:19:5
MERGED from com.google.android.gms:play-services-maps:7.5.0:21:5
MERGED from com.google.android.gms:play-services-maps:7.5.0:21:5
MERGED from com.google.android.gms:play-services-maps:7.5.0:21:5
MERGED from com.google.android.gms:play-services-wallet:7.5.0:20:5
MERGED from com.google.android.gms:play-services-maps:7.5.0:21:5
MERGED from com.awareframework:aware-core:3.4.7:49:5
	android:name
		ADDED from AndroidManifest.xml:16:22
uses-permission#android.permission.WRITE_EXTERNAL_STORAGE
ADDED from AndroidManifest.xml:17:5
MERGED from com.google.android.gms:play-services-maps:7.5.0:22:5
MERGED from com.google.android.gms:play-services-maps:7.5.0:22:5
MERGED from com.google.android.gms:play-services-maps:7.5.0:22:5
MERGED from com.google.android.gms:play-services-maps:7.5.0:22:5
MERGED from com.awareframework:aware-core:3.4.7:48:5
	android:name
		ADDED from AndroidManifest.xml:17:22
uses-permission#com.aware.READ_CONTEXT_DATA
ADDED from AndroidManifest.xml:18:5
MERGED from com.awareframework:aware-core:3.4.7:46:5
	android:name
		ADDED from AndroidManifest.xml:18:22
uses-permission#com.aware.WRITE_CONTEXT_DATA
ADDED from AndroidManifest.xml:19:5
MERGED from com.awareframework:aware-core:3.4.7:47:5
	android:name
		ADDED from AndroidManifest.xml:19:22
uses-permission#android.permission.SEND_SMS
ADDED from AndroidManifest.xml:20:5
	android:name
		ADDED from AndroidManifest.xml:20:22
application
ADDED from AndroidManifest.xml:22:5
MERGED from com.android.support:appcompat-v7:22.2.0:22:5
MERGED from com.android.support:support-v4:22.2.0:22:5
MERGED from com.google.android.gms:play-services:7.5.0:19:5
MERGED from com.google.android.gms:play-services-ads:7.5.0:24:5
MERGED from com.google.android.gms:play-services-base:7.5.0:20:5
MERGED from com.android.support:support-v4:22.2.0:22:5
MERGED from com.google.android.gms:play-services-analytics:7.5.0:24:5
MERGED from com.google.android.gms:play-services-base:7.5.0:20:5
MERGED from com.android.support:support-v4:22.2.0:22:5
MERGED from com.google.android.gms:play-services-analytics:7.5.0:24:5
MERGED from com.google.android.gms:play-services-base:7.5.0:20:5
MERGED from com.android.support:support-v4:22.2.0:22:5
MERGED from com.google.android.gms:play-services-appindexing:7.5.0:19:5
MERGED from com.google.android.gms:play-services-base:7.5.0:20:5
MERGED from com.android.support:support-v4:22.2.0:22:5
MERGED from com.google.android.gms:play-services-appinvite:7.5.0:20:5
MERGED from com.google.android.gms:play-services-base:7.5.0:20:5
MERGED from com.android.support:support-v4:22.2.0:22:5
MERGED from com.google.android.gms:play-services-appstate:7.5.0:19:5
MERGED from com.google.android.gms:play-services-base:7.5.0:20:5
MERGED from com.android.support:support-v4:22.2.0:22:5
MERGED from com.google.android.gms:play-services-base:7.5.0:20:5
MERGED from com.android.support:support-v4:22.2.0:22:5
MERGED from com.google.android.gms:play-services-cast:7.5.0:19:5
MERGED from com.google.android.gms:play-services-base:7.5.0:20:5
MERGED from com.android.support:support-v4:22.2.0:22:5
MERGED from com.android.support:mediarouter-v7:22.0.0:22:5
MERGED from com.android.support:appcompat-v7:22.2.0:22:5
MERGED from com.android.support:support-v4:22.2.0:22:5
MERGED from com.google.android.gms:play-services-drive:7.5.0:19:5
MERGED from com.google.android.gms:play-services-base:7.5.0:20:5
MERGED from com.android.support:support-v4:22.2.0:22:5
MERGED from com.google.android.gms:play-services-fitness:7.5.0:19:5
MERGED from com.google.android.gms:play-services-base:7.5.0:20:5
MERGED from com.android.support:support-v4:22.2.0:22:5
MERGED from com.google.android.gms:play-services-location:7.5.0:19:5
MERGED from com.google.android.gms:play-services-base:7.5.0:20:5
MERGED from com.android.support:support-v4:22.2.0:22:5
MERGED from com.google.android.gms:play-services-maps:7.5.0:29:5
MERGED from com.google.android.gms:play-services-base:7.5.0:20:5
MERGED from com.android.support:support-v4:22.2.0:22:5
MERGED from com.google.android.gms:play-services-games:7.5.0:19:5
MERGED from com.google.android.gms:play-services-base:7.5.0:20:5
MERGED from com.android.support:support-v4:22.2.0:22:5
MERGED from com.google.android.gms:play-services-drive:7.5.0:19:5
MERGED from com.google.android.gms:play-services-base:7.5.0:20:5
MERGED from com.android.support:support-v4:22.2.0:22:5
MERGED from com.google.android.gms:play-services-gcm:7.5.0:19:5
MERGED from com.google.android.gms:play-services-base:7.5.0:20:5
MERGED from com.android.support:support-v4:22.2.0:22:5
MERGED from com.google.android.gms:play-services-identity:7.5.0:19:5
MERGED from com.google.android.gms:play-services-base:7.5.0:20:5
MERGED from com.android.support:support-v4:22.2.0:22:5
MERGED from com.google.android.gms:play-services-location:7.5.0:19:5
MERGED from com.google.android.gms:play-services-base:7.5.0:20:5
MERGED from com.android.support:support-v4:22.2.0:22:5
MERGED from com.google.android.gms:play-services-maps:7.5.0:29:5
MERGED from com.google.android.gms:play-services-base:7.5.0:20:5
MERGED from com.android.support:support-v4:22.2.0:22:5
MERGED from com.google.android.gms:play-services-maps:7.5.0:29:5
MERGED from com.google.android.gms:play-services-base:7.5.0:20:5
MERGED from com.android.support:support-v4:22.2.0:22:5
MERGED from com.google.android.gms:play-services-nearby:7.5.0:20:5
MERGED from com.google.android.gms:play-services-base:7.5.0:20:5
MERGED from com.android.support:support-v4:22.2.0:22:5
MERGED from com.google.android.gms:play-services-panorama:7.5.0:19:5
MERGED from com.google.android.gms:play-services-base:7.5.0:20:5
MERGED from com.android.support:support-v4:22.2.0:22:5
MERGED from com.google.android.gms:play-services-plus:7.5.0:19:5
MERGED from com.google.android.gms:play-services-base:7.5.0:20:5
MERGED from com.android.support:support-v4:22.2.0:22:5
MERGED from com.google.android.gms:play-services-safetynet:7.5.0:19:5
MERGED from com.google.android.gms:play-services-base:7.5.0:20:5
MERGED from com.android.support:support-v4:22.2.0:22:5
MERGED from com.google.android.gms:play-services-wallet:7.5.0:24:5
MERGED from com.google.android.gms:play-services-base:7.5.0:20:5
MERGED from com.android.support:support-v4:22.2.0:22:5
MERGED from com.google.android.gms:play-services-identity:7.5.0:19:5
MERGED from com.google.android.gms:play-services-base:7.5.0:20:5
MERGED from com.android.support:support-v4:22.2.0:22:5
MERGED from com.google.android.gms:play-services-maps:7.5.0:29:5
MERGED from com.google.android.gms:play-services-base:7.5.0:20:5
MERGED from com.android.support:support-v4:22.2.0:22:5
MERGED from com.google.android.gms:play-services-wearable:7.5.0:19:5
MERGED from com.google.android.gms:play-services-base:7.5.0:20:5
MERGED from com.android.support:support-v4:22.2.0:22:5
MERGED from com.awareframework:aware-core:3.4.7:53:5
MERGED from com.android.support:cardview-v7:22.2.0:22:5
	android:label
		ADDED from AndroidManifest.xml:25:9
	android:allowBackup
		ADDED from AndroidManifest.xml:23:9
	android:icon
		ADDED from AndroidManifest.xml:24:9
		REJECTED from com.awareframework:aware-core:3.4.7:54:9
	android:theme
		ADDED from com.awareframework:aware-core:3.4.7:56:9
	tools:replace
		ADDED from AndroidManifest.xml:26:9
activity#com.example.dmdaid.MenuList
ADDED from AndroidManifest.xml:28:9
	android:label
		ADDED from AndroidManifest.xml:30:13
	android:name
		ADDED from AndroidManifest.xml:29:13
activity#com.example.dmdaid.Link
ADDED from AndroidManifest.xml:32:11
	android:label
		ADDED from AndroidManifest.xml:32:21
	android:name
		ADDED from AndroidManifest.xml:32:54
activity#com.example.dmdaid.Hospital
ADDED from AndroidManifest.xml:33:11
	android:label
		ADDED from AndroidManifest.xml:33:21
	android:name
		ADDED from AndroidManifest.xml:33:54
activity#com.example.dmdaid.HospitalView
ADDED from AndroidManifest.xml:34:12
	android:label
		ADDED from AndroidManifest.xml:34:22
	android:name
		ADDED from AndroidManifest.xml:34:55
activity#com.example.dmdaid.HospitalList
ADDED from AndroidManifest.xml:35:12
	android:label
		ADDED from AndroidManifest.xml:35:22
	android:name
		ADDED from AndroidManifest.xml:35:55
activity#com.example.dmdaid.Stay
ADDED from AndroidManifest.xml:36:12
	android:label
		ADDED from AndroidManifest.xml:36:22
	android:noHistory
		ADDED from AndroidManifest.xml:36:55
	android:name
		ADDED from AndroidManifest.xml:36:80
activity#com.example.dmdaid.Homecare
ADDED from AndroidManifest.xml:37:12
	android:label
		ADDED from AndroidManifest.xml:37:22
	android:noHistory
		ADDED from AndroidManifest.xml:37:55
	android:name
		ADDED from AndroidManifest.xml:37:80
activity#com.example.dmdaid.DisplayCare
ADDED from AndroidManifest.xml:38:12
	android:label
		ADDED from AndroidManifest.xml:38:22
	android:noHistory
		ADDED from AndroidManifest.xml:38:55
	android:name
		ADDED from AndroidManifest.xml:38:80
activity#com.example.reports.ReportDisplay
ADDED from AndroidManifest.xml:41:9
	android:label
		ADDED from AndroidManifest.xml:43:13
	android:name
		ADDED from AndroidManifest.xml:42:13
activity#com.example.reports.FullScreenViewActivity
ADDED from AndroidManifest.xml:45:9
	android:label
		ADDED from AndroidManifest.xml:48:13
	android:configChanges
		ADDED from AndroidManifest.xml:47:13
	android:theme
		ADDED from AndroidManifest.xml:49:13
	android:name
		ADDED from AndroidManifest.xml:46:13
activity#com.example.reports.ReportList
ADDED from AndroidManifest.xml:51:9
	android:label
		ADDED from AndroidManifest.xml:53:13
	android:name
		ADDED from AndroidManifest.xml:52:13
activity#com.example.dmdaid.LoginActivity
ADDED from AndroidManifest.xml:55:9
	android:label
		ADDED from AndroidManifest.xml:57:13
	android:name
		ADDED from AndroidManifest.xml:56:13
intent-filter#android.intent.action.MAIN+android.intent.category.LAUNCHER
ADDED from AndroidManifest.xml:58:13
action#android.intent.action.MAIN
ADDED from AndroidManifest.xml:59:17
	android:name
		ADDED from AndroidManifest.xml:59:25
category#android.intent.category.LAUNCHER
ADDED from AndroidManifest.xml:61:17
	android:name
		ADDED from AndroidManifest.xml:61:27
service#com.example.restbackend.RestIntentService
ADDED from AndroidManifest.xml:65:9
	android:name
		ADDED from AndroidManifest.xml:65:18
activity#com.example.dmdaid.MedicationList
ADDED from AndroidManifest.xml:69:9
	android:label
		ADDED from AndroidManifest.xml:71:13
	android:name
		ADDED from AndroidManifest.xml:70:13
activity#com.example.dmdaid.MainActivity
ADDED from AndroidManifest.xml:74:8
	android:label
		ADDED from AndroidManifest.xml:76:10
	android:name
		ADDED from AndroidManifest.xml:75:10
activity#com.example.dmdaid.DisplayContact
ADDED from AndroidManifest.xml:84:7
	android:label
		ADDED from AndroidManifest.xml:84:17
	android:noHistory
		ADDED from AndroidManifest.xml:84:50
	android:name
		ADDED from AndroidManifest.xml:84:76
activity#com.example.dmdaid.Displaystay
ADDED from AndroidManifest.xml:86:7
	android:label
		ADDED from AndroidManifest.xml:87:9
	android:noHistory
		ADDED from AndroidManifest.xml:87:42
	android:name
		ADDED from AndroidManifest.xml:87:67
activity#com.example.dmdaid.Contact
ADDED from AndroidManifest.xml:91:9
	android:label
		ADDED from AndroidManifest.xml:91:19
	android:noHistory
		ADDED from AndroidManifest.xml:91:52
	android:name
		ADDED from AndroidManifest.xml:91:77
activity#com.example.dmdaid.Addcontact
ADDED from AndroidManifest.xml:92:10
	android:label
		ADDED from AndroidManifest.xml:92:20
	android:noHistory
		ADDED from AndroidManifest.xml:92:53
	android:name
		ADDED from AndroidManifest.xml:92:78
activity#com.example.dmdaid.DisplayPhysician
ADDED from AndroidManifest.xml:93:10
	android:label
		ADDED from AndroidManifest.xml:93:20
	android:noHistory
		ADDED from AndroidManifest.xml:93:53
	android:name
		ADDED from AndroidManifest.xml:93:78
activity#com.example.dmdaid.PhysicianContact
ADDED from AndroidManifest.xml:94:10
	android:label
		ADDED from AndroidManifest.xml:94:20
	android:noHistory
		ADDED from AndroidManifest.xml:94:53
	android:name
		ADDED from AndroidManifest.xml:94:79
activity#com.example.dmdaid.NewMedication
ADDED from AndroidManifest.xml:95:9
	android:label
		ADDED from AndroidManifest.xml:97:13
	android:name
		ADDED from AndroidManifest.xml:96:13
activity#com.example.dmdaid.MedicationView
ADDED from AndroidManifest.xml:99:9
	android:label
		ADDED from AndroidManifest.xml:101:13
	android:name
		ADDED from AndroidManifest.xml:100:13
provider#com.aware.providers.Bluetooth_Provider
ADDED from AndroidManifest.xml:104:9
	android:readPermission
		ADDED from AndroidManifest.xml:108:13
	android:authorities
		ADDED from AndroidManifest.xml:106:13
		INJECTED from AndroidManifest.xml:0:0
	android:exported
		ADDED from AndroidManifest.xml:107:13
	android:name
		ADDED from AndroidManifest.xml:105:13
	android:writePermission
		ADDED from AndroidManifest.xml:109:13
provider#com.aware.providers.Applications_Provider
ADDED from AndroidManifest.xml:112:9
	android:readPermission
		ADDED from AndroidManifest.xml:116:13
	android:authorities
		ADDED from AndroidManifest.xml:114:13
		INJECTED from AndroidManifest.xml:0:0
	android:exported
		ADDED from AndroidManifest.xml:115:13
	android:name
		ADDED from AndroidManifest.xml:113:13
	android:writePermission
		ADDED from AndroidManifest.xml:117:13
provider#com.aware.providers.Locations_Provider
ADDED from AndroidManifest.xml:120:9
	android:readPermission
		ADDED from AndroidManifest.xml:124:13
	android:authorities
		ADDED from AndroidManifest.xml:122:13
		INJECTED from AndroidManifest.xml:0:0
	android:exported
		ADDED from AndroidManifest.xml:123:13
	android:name
		ADDED from AndroidManifest.xml:121:13
	android:writePermission
		ADDED from AndroidManifest.xml:125:13
provider#com.aware.providers.Installations_Provider
ADDED from AndroidManifest.xml:128:9
	android:readPermission
		ADDED from AndroidManifest.xml:132:13
	android:authorities
		ADDED from AndroidManifest.xml:130:13
		INJECTED from AndroidManifest.xml:0:0
	android:exported
		ADDED from AndroidManifest.xml:131:13
	android:name
		ADDED from AndroidManifest.xml:129:13
	android:writePermission
		ADDED from AndroidManifest.xml:133:13
provider#com.aware.providers.ESM_Provider
ADDED from AndroidManifest.xml:136:9
	android:readPermission
		ADDED from AndroidManifest.xml:140:13
	android:authorities
		ADDED from AndroidManifest.xml:138:13
		INJECTED from AndroidManifest.xml:0:0
	android:exported
		ADDED from AndroidManifest.xml:139:13
	android:name
		ADDED from AndroidManifest.xml:137:13
	android:writePermission
		ADDED from AndroidManifest.xml:141:13
provider#com.aware.providers.Temperature_Provider
ADDED from AndroidManifest.xml:144:9
	android:readPermission
		ADDED from AndroidManifest.xml:148:13
	android:authorities
		ADDED from AndroidManifest.xml:146:13
		INJECTED from AndroidManifest.xml:0:0
	android:exported
		ADDED from AndroidManifest.xml:147:13
	android:name
		ADDED from AndroidManifest.xml:145:13
	android:writePermission
		ADDED from AndroidManifest.xml:149:13
provider#com.aware.providers.Linear_Accelerometer_Provider
ADDED from AndroidManifest.xml:152:9
	android:readPermission
		ADDED from AndroidManifest.xml:156:13
	android:authorities
		ADDED from AndroidManifest.xml:154:13
		INJECTED from AndroidManifest.xml:0:0
	android:exported
		ADDED from AndroidManifest.xml:155:13
	android:name
		ADDED from AndroidManifest.xml:153:13
	android:writePermission
		ADDED from AndroidManifest.xml:157:13
provider#com.aware.providers.Gravity_Provider
ADDED from AndroidManifest.xml:160:9
	android:readPermission
		ADDED from AndroidManifest.xml:164:13
	android:authorities
		ADDED from AndroidManifest.xml:162:13
		INJECTED from AndroidManifest.xml:0:0
	android:exported
		ADDED from AndroidManifest.xml:163:13
	android:name
		ADDED from AndroidManifest.xml:161:13
	android:writePermission
		ADDED from AndroidManifest.xml:165:13
provider#com.aware.providers.Barometer_Provider
ADDED from AndroidManifest.xml:168:9
	android:readPermission
		ADDED from AndroidManifest.xml:172:13
	android:authorities
		ADDED from AndroidManifest.xml:170:13
		INJECTED from AndroidManifest.xml:0:0
	android:exported
		ADDED from AndroidManifest.xml:171:13
	android:name
		ADDED from AndroidManifest.xml:169:13
	android:writePermission
		ADDED from AndroidManifest.xml:173:13
provider#com.aware.providers.Magnetometer_Provider
ADDED from AndroidManifest.xml:176:9
	android:readPermission
		ADDED from AndroidManifest.xml:180:13
	android:authorities
		ADDED from AndroidManifest.xml:178:13
		INJECTED from AndroidManifest.xml:0:0
	android:exported
		ADDED from AndroidManifest.xml:179:13
	android:name
		ADDED from AndroidManifest.xml:177:13
	android:writePermission
		ADDED from AndroidManifest.xml:181:13
provider#com.aware.providers.Proximity_Provider
ADDED from AndroidManifest.xml:184:9
	android:readPermission
		ADDED from AndroidManifest.xml:188:13
	android:authorities
		ADDED from AndroidManifest.xml:186:13
		INJECTED from AndroidManifest.xml:0:0
	android:exported
		ADDED from AndroidManifest.xml:187:13
	android:name
		ADDED from AndroidManifest.xml:185:13
	android:writePermission
		ADDED from AndroidManifest.xml:189:13
provider#com.aware.providers.Light_Provider
ADDED from AndroidManifest.xml:192:9
	android:readPermission
		ADDED from AndroidManifest.xml:196:13
	android:authorities
		ADDED from AndroidManifest.xml:194:13
		INJECTED from AndroidManifest.xml:0:0
	android:exported
		ADDED from AndroidManifest.xml:195:13
	android:name
		ADDED from AndroidManifest.xml:193:13
	android:writePermission
		ADDED from AndroidManifest.xml:197:13
provider#com.aware.providers.Telephony_Provider
ADDED from AndroidManifest.xml:200:9
	android:readPermission
		ADDED from AndroidManifest.xml:204:13
	android:authorities
		ADDED from AndroidManifest.xml:202:13
		INJECTED from AndroidManifest.xml:0:0
	android:exported
		ADDED from AndroidManifest.xml:203:13
	android:name
		ADDED from AndroidManifest.xml:201:13
	android:writePermission
		ADDED from AndroidManifest.xml:205:13
provider#com.aware.providers.Aware_Provider
ADDED from AndroidManifest.xml:208:9
	android:readPermission
		ADDED from AndroidManifest.xml:212:13
	android:authorities
		ADDED from AndroidManifest.xml:210:13
		INJECTED from AndroidManifest.xml:0:0
	android:exported
		ADDED from AndroidManifest.xml:211:13
	android:name
		ADDED from AndroidManifest.xml:209:13
	android:writePermission
		ADDED from AndroidManifest.xml:213:13
provider#com.aware.providers.Rotation_Provider
ADDED from AndroidManifest.xml:216:9
	android:readPermission
		ADDED from AndroidManifest.xml:220:13
	android:authorities
		ADDED from AndroidManifest.xml:218:13
		INJECTED from AndroidManifest.xml:0:0
	android:exported
		ADDED from AndroidManifest.xml:219:13
	android:name
		ADDED from AndroidManifest.xml:217:13
	android:writePermission
		ADDED from AndroidManifest.xml:221:13
provider#com.aware.providers.WiFi_Provider
ADDED from AndroidManifest.xml:224:9
	android:readPermission
		ADDED from AndroidManifest.xml:228:13
	android:authorities
		ADDED from AndroidManifest.xml:226:13
		INJECTED from AndroidManifest.xml:0:0
	android:exported
		ADDED from AndroidManifest.xml:227:13
	android:name
		ADDED from AndroidManifest.xml:225:13
	android:writePermission
		ADDED from AndroidManifest.xml:229:13
provider#com.aware.providers.Accelerometer_Provider
ADDED from AndroidManifest.xml:232:9
	android:readPermission
		ADDED from AndroidManifest.xml:236:13
	android:authorities
		ADDED from AndroidManifest.xml:234:13
		INJECTED from AndroidManifest.xml:0:0
	android:exported
		ADDED from AndroidManifest.xml:235:13
	android:name
		ADDED from AndroidManifest.xml:233:13
	android:writePermission
		ADDED from AndroidManifest.xml:237:13
provider#com.aware.providers.Gyroscope_Provider
ADDED from AndroidManifest.xml:240:9
	android:readPermission
		ADDED from AndroidManifest.xml:244:13
	android:authorities
		ADDED from AndroidManifest.xml:242:13
		INJECTED from AndroidManifest.xml:0:0
	android:exported
		ADDED from AndroidManifest.xml:243:13
	android:name
		ADDED from AndroidManifest.xml:241:13
	android:writePermission
		ADDED from AndroidManifest.xml:245:13
provider#com.aware.providers.Traffic_Provider
ADDED from AndroidManifest.xml:248:9
	android:readPermission
		ADDED from AndroidManifest.xml:252:13
	android:authorities
		ADDED from AndroidManifest.xml:250:13
		INJECTED from AndroidManifest.xml:0:0
	android:exported
		ADDED from AndroidManifest.xml:251:13
	android:name
		ADDED from AndroidManifest.xml:249:13
	android:writePermission
		ADDED from AndroidManifest.xml:253:13
provider#com.aware.providers.Mqtt_Provider
ADDED from AndroidManifest.xml:256:9
	android:readPermission
		ADDED from AndroidManifest.xml:260:13
	android:authorities
		ADDED from AndroidManifest.xml:258:13
		INJECTED from AndroidManifest.xml:0:0
	android:exported
		ADDED from AndroidManifest.xml:259:13
	android:name
		ADDED from AndroidManifest.xml:257:13
	android:writePermission
		ADDED from AndroidManifest.xml:261:13
provider#com.aware.providers.Processor_Provider
ADDED from AndroidManifest.xml:264:9
	android:readPermission
		ADDED from AndroidManifest.xml:268:13
	android:authorities
		ADDED from AndroidManifest.xml:266:13
		INJECTED from AndroidManifest.xml:0:0
	android:exported
		ADDED from AndroidManifest.xml:267:13
	android:name
		ADDED from AndroidManifest.xml:265:13
	android:writePermission
		ADDED from AndroidManifest.xml:269:13
provider#com.aware.providers.TimeZone_Provider
ADDED from AndroidManifest.xml:272:9
	android:readPermission
		ADDED from AndroidManifest.xml:276:13
	android:authorities
		ADDED from AndroidManifest.xml:274:13
		INJECTED from AndroidManifest.xml:0:0
	android:exported
		ADDED from AndroidManifest.xml:275:13
	android:name
		ADDED from AndroidManifest.xml:273:13
	android:writePermission
		ADDED from AndroidManifest.xml:277:13
provider#com.aware.providers.Battery_Provider
ADDED from AndroidManifest.xml:280:9
	android:readPermission
		ADDED from AndroidManifest.xml:284:13
	android:authorities
		ADDED from AndroidManifest.xml:282:13
		INJECTED from AndroidManifest.xml:0:0
	android:exported
		ADDED from AndroidManifest.xml:283:13
	android:name
		ADDED from AndroidManifest.xml:281:13
	android:writePermission
		ADDED from AndroidManifest.xml:285:13
provider#com.aware.providers.Screen_Provider
ADDED from AndroidManifest.xml:288:9
	android:readPermission
		ADDED from AndroidManifest.xml:292:13
	android:authorities
		ADDED from AndroidManifest.xml:290:13
		INJECTED from AndroidManifest.xml:0:0
	android:exported
		ADDED from AndroidManifest.xml:291:13
	android:name
		ADDED from AndroidManifest.xml:289:13
	android:writePermission
		ADDED from AndroidManifest.xml:293:13
provider#com.aware.providers.Network_Provider
ADDED from AndroidManifest.xml:296:9
	android:readPermission
		ADDED from AndroidManifest.xml:300:13
	android:authorities
		ADDED from AndroidManifest.xml:298:13
		INJECTED from AndroidManifest.xml:0:0
	android:exported
		ADDED from AndroidManifest.xml:299:13
	android:name
		ADDED from AndroidManifest.xml:297:13
	android:writePermission
		ADDED from AndroidManifest.xml:301:13
provider#com.aware.providers.Communication_Provider
ADDED from AndroidManifest.xml:304:9
	android:readPermission